Build started 7/25/2014 10:40:09 AM.
     1>Project "C:\Users\TheQuarry\Documents\Work\develep\RunTrials\RunTrials.vcxproj" on node 2 (build target(s)).
     1>PrepareForBuild:
         Creating directory "C:\Users\TheQuarry\Documents\Work\Develep\x64\Release_PG\".
       InitializeBuildStatus:
         Creating "x64\Release_PG\RunTrials.unsuccessfulbuild" because "AlwaysCreate" was specified.
       ClCompile:
         C:\Program Files (x86)\Microsoft Visual Studio 10.0\VC\bin\x86_amd64\CL.exe /c /IC:\Users\TheQuarry\Documents\Work\Develep\\Devilep /I"C:\Boost\include\boost-1_55" /Zi /nologo /W3 /WX- /O2 /Oi /GL /D WIN32 /D NDEBUG /D _CONSOLE /D _UNICODE /D UNICODE /Gm- /EHsc /MT /GS /Gy /fp:precise /Zc:wchar_t /Zc:forScope /openmp /Yc"StdAfx.h" /Fp"x64\Release_PG\RunTrials.pch" /Fo"x64\Release_PG\\" /Fd"x64\Release_PG\vc100.pdb" /Gd /TP /errorReport:prompt stdafx.cpp /Zm200 
         stdafx.cpp
     1>C:\Users\TheQuarry\Documents\Work\Develep\Devilep\rnd.h(42): warning C4244: '=' : conversion from 'double' to 'float', possible loss of data
     1>C:\Users\TheQuarry\Documents\Work\Develep\Devilep\rnd.h(43): warning C4244: '=' : conversion from 'double' to 'float', possible loss of data
     1>C:\Users\TheQuarry\Documents\Work\Develep\Devilep\rnd.h(46): warning C4244: '=' : conversion from 'double' to 'float', possible loss of data
     1>c:\users\thequarry\documents\work\develep\devilep\pareto.h(9): error C2065: 'ind' : undeclared identifier
     1>c:\users\thequarry\documents\work\develep\devilep\p_archive.h(14): error C2065: 'ind' : undeclared identifier
     1>c:\users\thequarry\documents\work\develep\devilep\p_archive.h(20): error C2065: 'ind' : undeclared identifier
     1>c:\users\thequarry\documents\work\develep\devilep\p_archive.h(17): error C2512: 'std::vector' : no appropriate default constructor available
     1>c:\users\thequarry\documents\work\develep\devilep\p_archive.h(22): error C2065: 'ind' : undeclared identifier
     1>c:\users\thequarry\documents\work\develep\devilep\p_archive.h(22): error C2133: 'tmppop' : unknown size
     1>c:\users\thequarry\documents\work\develep\devilep\p_archive.h(22): error C2512: 'std::vector' : no appropriate default constructor available
     1>c:\users\thequarry\documents\work\develep\devilep\p_archive.h(24): error C2663: 'std::vector<_Ty,_Ax>::end' : 2 overloads have no legal conversion for 'this' pointer
     1>c:\users\thequarry\documents\work\develep\devilep\p_archive.h(24): error C2663: 'std::vector<_Ty,_Ax>::begin' : 2 overloads have no legal conversion for 'this' pointer
     1>c:\users\thequarry\documents\work\develep\devilep\p_archive.h(24): error C2663: 'std::vector<_Ty,_Ax>::end' : 2 overloads have no legal conversion for 'this' pointer
     1>c:\users\thequarry\documents\work\develep\devilep\p_archive.h(24): error C2663: 'std::vector<_Ty,_Ax>::insert' : 2 overloads have no legal conversion for 'this' pointer
     1>c:\users\thequarry\documents\work\develep\devilep\p_archive.h(26): error C2663: 'std::vector<_Ty,_Ax>::begin' : 2 overloads have no legal conversion for 'this' pointer
     1>c:\users\thequarry\documents\work\develep\devilep\p_archive.h(26): error C2663: 'std::vector<_Ty,_Ax>::end' : 2 overloads have no legal conversion for 'this' pointer
     1>c:\users\thequarry\documents\work\develep\devilep\p_archive.h(26): error C3861: 'SortComplexity': identifier not found
     1>c:\users\thequarry\documents\work\develep\devilep\p_archive.h(27): error C2663: 'std::vector<_Ty,_Ax>::begin' : 2 overloads have no legal conversion for 'this' pointer
     1>c:\users\thequarry\documents\work\develep\devilep\p_archive.h(27): error C2663: 'std::vector<_Ty,_Ax>::end' : 2 overloads have no legal conversion for 'this' pointer
     1>c:\users\thequarry\documents\work\develep\devilep\p_archive.h(27): error C3861: 'SortFit': identifier not found
     1>c:\users\thequarry\documents\work\develep\devilep\p_archive.h(28): error C2065: 'ind' : undeclared identifier
     1>c:\users\thequarry\documents\work\develep\devilep\p_archive.h(28): error C2955: 'std::vector' : use of class template requires template argument list
                 C:\Program Files (x86)\Microsoft Visual Studio 10.0\VC\include\vector(480) : see declaration of 'std::vector'
     1>c:\users\thequarry\documents\work\develep\devilep\p_archive.h(28): error C2133: 'it' : unknown size
     1>c:\users\thequarry\documents\work\develep\devilep\p_archive.h(28): error C2512: 'std::_Vector_iterator<std::_Vector_val<_Ty,_Alloc>>' : no appropriate default constructor available
     1>c:\users\thequarry\documents\work\develep\devilep\p_archive.h(29): error C2663: 'std::vector<_Ty,_Ax>::begin' : 2 overloads have no legal conversion for 'this' pointer
     1>c:\users\thequarry\documents\work\develep\devilep\p_archive.h(29): error C2663: 'std::vector<_Ty,_Ax>::end' : 2 overloads have no legal conversion for 'this' pointer
     1>c:\users\thequarry\documents\work\develep\devilep\p_archive.h(29): error C3861: 'sameFitComplexity': identifier not found
     1>c:\users\thequarry\documents\work\develep\devilep\p_archive.h(31): error C2663: 'std::vector<_Ty,_Ax>::begin' : 2 overloads have no legal conversion for 'this' pointer
     1>c:\users\thequarry\documents\work\develep\devilep\p_archive.h(31): fatal error C1903: unable to recover from previous error(s); stopping compilation
     1>Done Building Project "C:\Users\TheQuarry\Documents\Work\develep\RunTrials\RunTrials.vcxproj" (build target(s)) -- FAILED.

Build FAILED.

Time Elapsed 00:00:03.42
